<?xml version="1.0" encoding="UTF-8" ?>
<testsuite errors="0" failures="0" hostname="asko-Aspire-V5-122P" name="TehtavienhallintaTest" skipped="0" tests="8" time="0.381" timestamp="2018-09-13T18:18:44">
  <properties>
[...]
</properties>
  <testcase classname="TehtavienhallintaTest" name="lisattyTehtavaLoytyyTehtavalistalta" time="0.011" />
  <testcase classname="TehtavienhallintaTest" name="tehtavanLisaaminenKasvattaaListanKokoaYhdella" time="0.001" />
  <testcase classname="TehtavienhallintaTest" name="tehdyksiMerkattuOnTehty" time="0.002" />
  <testcase classname="TehtavienhallintaTest" name="poistettuTehtavaOnPois" time="0.001" />
  <testcase classname="TehtavienhallintaTest" name="tehtavanVoiPoistaa" time="0.001" />
  <testcase classname="TehtavienhallintaTest" name="tehtavanVoiMerkataTehdyksi" time="0.001" />
  <testcase classname="TehtavienhallintaTest" name="tehtavalistaAlussaTyhja" time="0.001" />
  <testcase classname="TehtavienhallintaTest" name="tehdyksiMerkkaamatonEiOleTehty" time="0.003" />
  <system-out><![CDATA[]]></system-out>
  <system-err><![CDATA[]]></system-err>
</testsuite>
